C:\USERS\DANIEL\DOCUMENTS\GITHUB\PROYECTO-EST-DATOS-I\PROYECTOESTDATOSI\PROYECTOESTDATOSI\DEBUG\CARGAINICIAL.OBJ
C:\USERS\DANIEL\DOCUMENTS\GITHUB\PROYECTO-EST-DATOS-I\PROYECTOESTDATOSI\PROYECTOESTDATOSI\DEBUG\EQUIPO.OBJ
C:\USERS\DANIEL\DOCUMENTS\GITHUB\PROYECTO-EST-DATOS-I\PROYECTOESTDATOSI\PROYECTOESTDATOSI\DEBUG\JUGADOR.OBJ
C:\USERS\DANIEL\DOCUMENTS\GITHUB\PROYECTO-EST-DATOS-I\PROYECTOESTDATOSI\PROYECTOESTDATOSI\DEBUG\LISTAEQUIPOS.OBJ
C:\USERS\DANIEL\DOCUMENTS\GITHUB\PROYECTO-EST-DATOS-I\PROYECTOESTDATOSI\PROYECTOESTDATOSI\DEBUG\LISTAEQUIPOXGRUPO.OBJ
C:\USERS\DANIEL\DOCUMENTS\GITHUB\PROYECTO-EST-DATOS-I\PROYECTOESTDATOSI\PROYECTOESTDATOSI\DEBUG\LISTAGRUPOS.OBJ
C:\USERS\DANIEL\DOCUMENTS\GITHUB\PROYECTO-EST-DATOS-I\PROYECTOESTDATOSI\PROYECTOESTDATOSI\DEBUG\LISTAJUGADORES.OBJ
C:\USERS\DANIEL\DOCUMENTS\GITHUB\PROYECTO-EST-DATOS-I\PROYECTOESTDATOSI\PROYECTOESTDATOSI\DEBUG\LISTAJUGADORXEQUIPO.OBJ
C:\USERS\DANIEL\DOCUMENTS\GITHUB\PROYECTO-EST-DATOS-I\PROYECTOESTDATOSI\PROYECTOESTDATOSI\DEBUG\LISTAPARTIDOS.OBJ
C:\USERS\DANIEL\DOCUMENTS\GITHUB\PROYECTO-EST-DATOS-I\PROYECTOESTDATOSI\PROYECTOESTDATOSI\DEBUG\LISTAPARTIDOXEQUIPO.OBJ
C:\USERS\DANIEL\DOCUMENTS\GITHUB\PROYECTO-EST-DATOS-I\PROYECTOESTDATOSI\PROYECTOESTDATOSI\DEBUG\NODOEQUIPO.OBJ
C:\USERS\DANIEL\DOCUMENTS\GITHUB\PROYECTO-EST-DATOS-I\PROYECTOESTDATOSI\PROYECTOESTDATOSI\DEBUG\NODOEQUIPOXGRUPO.OBJ
C:\USERS\DANIEL\DOCUMENTS\GITHUB\PROYECTO-EST-DATOS-I\PROYECTOESTDATOSI\PROYECTOESTDATOSI\DEBUG\NODOGRUPOS.OBJ
C:\USERS\DANIEL\DOCUMENTS\GITHUB\PROYECTO-EST-DATOS-I\PROYECTOESTDATOSI\PROYECTOESTDATOSI\DEBUG\NODOJUGADOR.OBJ
C:\USERS\DANIEL\DOCUMENTS\GITHUB\PROYECTO-EST-DATOS-I\PROYECTOESTDATOSI\PROYECTOESTDATOSI\DEBUG\NODOJUGADORXEQUIPO.OBJ
C:\USERS\DANIEL\DOCUMENTS\GITHUB\PROYECTO-EST-DATOS-I\PROYECTOESTDATOSI\PROYECTOESTDATOSI\DEBUG\NODOPARTIDO.OBJ
C:\USERS\DANIEL\DOCUMENTS\GITHUB\PROYECTO-EST-DATOS-I\PROYECTOESTDATOSI\PROYECTOESTDATOSI\DEBUG\NODOPARTIDOXEQUIPO.OBJ
C:\USERS\DANIEL\DOCUMENTS\GITHUB\PROYECTO-EST-DATOS-I\PROYECTOESTDATOSI\PROYECTOESTDATOSI\DEBUG\PARTIDO.OBJ
C:\USERS\DANIEL\DOCUMENTS\GITHUB\PROYECTO-EST-DATOS-I\PROYECTOESTDATOSI\PROYECTOESTDATOSI\DEBUG\PROYECTOESTDATOSI.OBJ
C:\USERS\DANIEL\DOCUMENTS\GITHUB\PROYECTO-EST-DATOS-I\PROYECTOESTDATOSI\PROYECTOESTDATOSI\DEBUG\STDAFX.OBJ
C:\USERS\DANIEL\DOCUMENTS\GITHUB\PROYECTO-EST-DATOS-I\PROYECTOESTDATOSI\PROYECTOESTDATOSI\DEBUG\VC110.PDB
C:\USERS\DANIEL\DOCUMENTS\GITHUB\PROYECTO-EST-DATOS-I\PROYECTOESTDATOSI\DEBUG\PROYECTOESTDATOSI.ILK
C:\USERS\DANIEL\DOCUMENTS\GITHUB\PROYECTO-EST-DATOS-I\PROYECTOESTDATOSI\DEBUG\PROYECTOESTDATOSI.EXE
C:\USERS\DANIEL\DOCUMENTS\GITHUB\PROYECTO-EST-DATOS-I\PROYECTOESTDATOSI\DEBUG\PROYECTOESTDATOSI.PDB
C:\Users\Daniel\Documents\GitHub\Proyecto-Est-Datos-I\ProyectoEstDatosI\ProyectoEstDatosI\Debug\CargaInicial.obj
C:\Users\Daniel\Documents\GitHub\Proyecto-Est-Datos-I\ProyectoEstDatosI\ProyectoEstDatosI\Debug\Equipo.obj
C:\Users\Daniel\Documents\GitHub\Proyecto-Est-Datos-I\ProyectoEstDatosI\ProyectoEstDatosI\Debug\Jugador.obj
C:\Users\Daniel\Documents\GitHub\Proyecto-Est-Datos-I\ProyectoEstDatosI\ProyectoEstDatosI\Debug\ListaEquipos.obj
C:\Users\Daniel\Documents\GitHub\Proyecto-Est-Datos-I\ProyectoEstDatosI\ProyectoEstDatosI\Debug\ListaEquipoXGrupo.obj
C:\Users\Daniel\Documents\GitHub\Proyecto-Est-Datos-I\ProyectoEstDatosI\ProyectoEstDatosI\Debug\ListaGrupos.obj
C:\Users\Daniel\Documents\GitHub\Proyecto-Est-Datos-I\ProyectoEstDatosI\ProyectoEstDatosI\Debug\ListaJugadores.obj
C:\Users\Daniel\Documents\GitHub\Proyecto-Est-Datos-I\ProyectoEstDatosI\ProyectoEstDatosI\Debug\ListaJugadorxEquipo.obj
C:\Users\Daniel\Documents\GitHub\Proyecto-Est-Datos-I\ProyectoEstDatosI\ProyectoEstDatosI\Debug\ListaPartidos.obj
C:\Users\Daniel\Documents\GitHub\Proyecto-Est-Datos-I\ProyectoEstDatosI\ProyectoEstDatosI\Debug\ListaPartidoXEquipo.obj
C:\Users\Daniel\Documents\GitHub\Proyecto-Est-Datos-I\ProyectoEstDatosI\ProyectoEstDatosI\Debug\NodoEquipo.obj
C:\Users\Daniel\Documents\GitHub\Proyecto-Est-Datos-I\ProyectoEstDatosI\ProyectoEstDatosI\Debug\NodoEquipoXGrupo.obj
C:\Users\Daniel\Documents\GitHub\Proyecto-Est-Datos-I\ProyectoEstDatosI\ProyectoEstDatosI\Debug\NodoGrupos.obj
C:\Users\Daniel\Documents\GitHub\Proyecto-Est-Datos-I\ProyectoEstDatosI\ProyectoEstDatosI\Debug\NodoJugador.obj
C:\Users\Daniel\Documents\GitHub\Proyecto-Est-Datos-I\ProyectoEstDatosI\ProyectoEstDatosI\Debug\NodoJugadorxEquipo.obj
C:\Users\Daniel\Documents\GitHub\Proyecto-Est-Datos-I\ProyectoEstDatosI\ProyectoEstDatosI\Debug\NodoPartido.obj
C:\Users\Daniel\Documents\GitHub\Proyecto-Est-Datos-I\ProyectoEstDatosI\ProyectoEstDatosI\Debug\NodoPartidoxEquipo.obj
C:\Users\Daniel\Documents\GitHub\Proyecto-Est-Datos-I\ProyectoEstDatosI\ProyectoEstDatosI\Debug\Partido.obj
C:\Users\Daniel\Documents\GitHub\Proyecto-Est-Datos-I\ProyectoEstDatosI\ProyectoEstDatosI\Debug\ProyectoEstDatosI.obj
C:\Users\Daniel\Documents\GitHub\Proyecto-Est-Datos-I\ProyectoEstDatosI\ProyectoEstDatosI\Debug\stdafx.obj
C:\Users\Daniel\Documents\GitHub\Proyecto-Est-Datos-I\ProyectoEstDatosI\ProyectoEstDatosI\Debug\cl.command.1.tlog
C:\Users\Daniel\Documents\GitHub\Proyecto-Est-Datos-I\ProyectoEstDatosI\ProyectoEstDatosI\Debug\CL.read.1.tlog
C:\Users\Daniel\Documents\GitHub\Proyecto-Est-Datos-I\ProyectoEstDatosI\ProyectoEstDatosI\Debug\CL.write.1.tlog
C:\Users\Daniel\Documents\GitHub\Proyecto-Est-Datos-I\ProyectoEstDatosI\ProyectoEstDatosI\Debug\link-cvtres.read.1.tlog
C:\Users\Daniel\Documents\GitHub\Proyecto-Est-Datos-I\ProyectoEstDatosI\ProyectoEstDatosI\Debug\link-cvtres.write.1.tlog
C:\Users\Daniel\Documents\GitHub\Proyecto-Est-Datos-I\ProyectoEstDatosI\ProyectoEstDatosI\Debug\link-rc.read.1.tlog
C:\Users\Daniel\Documents\GitHub\Proyecto-Est-Datos-I\ProyectoEstDatosI\ProyectoEstDatosI\Debug\link-rc.write.1.tlog
C:\Users\Daniel\Documents\GitHub\Proyecto-Est-Datos-I\ProyectoEstDatosI\ProyectoEstDatosI\Debug\link.4448-cvtres.read.1.tlog
C:\Users\Daniel\Documents\GitHub\Proyecto-Est-Datos-I\ProyectoEstDatosI\ProyectoEstDatosI\Debug\link.4448-cvtres.write.1.tlog
C:\Users\Daniel\Documents\GitHub\Proyecto-Est-Datos-I\ProyectoEstDatosI\ProyectoEstDatosI\Debug\link.4448-rc.read.1.tlog
C:\Users\Daniel\Documents\GitHub\Proyecto-Est-Datos-I\ProyectoEstDatosI\ProyectoEstDatosI\Debug\link.4448-rc.write.1.tlog
C:\Users\Daniel\Documents\GitHub\Proyecto-Est-Datos-I\ProyectoEstDatosI\ProyectoEstDatosI\Debug\link.4448.read.1.tlog
C:\Users\Daniel\Documents\GitHub\Proyecto-Est-Datos-I\ProyectoEstDatosI\ProyectoEstDatosI\Debug\link.4448.write.1.tlog
C:\Users\Daniel\Documents\GitHub\Proyecto-Est-Datos-I\ProyectoEstDatosI\ProyectoEstDatosI\Debug\link.6296-cvtres.read.1.tlog
C:\Users\Daniel\Documents\GitHub\Proyecto-Est-Datos-I\ProyectoEstDatosI\ProyectoEstDatosI\Debug\link.6296-cvtres.write.1.tlog
C:\Users\Daniel\Documents\GitHub\Proyecto-Est-Datos-I\ProyectoEstDatosI\ProyectoEstDatosI\Debug\link.6296-rc.read.1.tlog
C:\Users\Daniel\Documents\GitHub\Proyecto-Est-Datos-I\ProyectoEstDatosI\ProyectoEstDatosI\Debug\link.6296-rc.write.1.tlog
C:\Users\Daniel\Documents\GitHub\Proyecto-Est-Datos-I\ProyectoEstDatosI\ProyectoEstDatosI\Debug\link.6296.read.1.tlog
C:\Users\Daniel\Documents\GitHub\Proyecto-Est-Datos-I\ProyectoEstDatosI\ProyectoEstDatosI\Debug\link.6296.write.1.tlog
C:\Users\Daniel\Documents\GitHub\Proyecto-Est-Datos-I\ProyectoEstDatosI\ProyectoEstDatosI\Debug\link.command.1.tlog
C:\Users\Daniel\Documents\GitHub\Proyecto-Est-Datos-I\ProyectoEstDatosI\ProyectoEstDatosI\Debug\link.read.1.tlog
C:\Users\Daniel\Documents\GitHub\Proyecto-Est-Datos-I\ProyectoEstDatosI\ProyectoEstDatosI\Debug\link.write.1.tlog
C:\Users\Daniel\Documents\GitHub\Proyecto-Est-Datos-I\ProyectoEstDatosI\ProyectoEstDatosI\Debug\vc110.idb
C:\Users\Daniel\Documents\GitHub\Proyecto-Est-Datos-I\ProyectoEstDatosI\ProyectoEstDatosI\Debug\vc110.pdb
C:\Users\Daniel\Documents\GitHub\Proyecto-Est-Datos-I\ProyectoEstDatosI\Debug\ProyectoEstDatosI.pdb
C:\Users\Daniel\Documents\GitHub\Proyecto-Est-Datos-I\ProyectoEstDatosI\Debug\ProyectoEstDatosI.exe
C:\Users\Daniel\Documents\GitHub\Proyecto-Est-Datos-I\ProyectoEstDatosI\Debug\ProyectoEstDatosI.ilk
