Build started 8/14/2014 8:52:52 PM.
     1>Project "C:\Users\Daniel\Documents\GitHub\Proyecto-Est-Datos-I\ProyectoEstDatosI\ProyectoEstDatosI\ProyectoEstDatosI.vcxproj" on node 2 (Build target(s)).
     1>ClCompile:
         C:\Program Files (x86)\Microsoft Visual Studio 11.0\VC\bin\CL.exe /c /IC:\Users\Daniel\Downloads\boost_1_55_0 /ZI /nologo /W3 /WX- /sdl /Od /Oy- /D WIN32 /D _DEBUG /D _CONSOLE /D _UNICODE /D UNICODE /Gm /EHsc /RTC1 /MDd /GS /fp:precise /Zc:wchar_t /Zc:forScope /Fo"Debug\\" /Fd"Debug\vc110.pdb" /Gd /TP /analyze- /errorReport:prompt CargaInicial.cpp ListaEquipoXGrupo.cpp ListaEquipos.cpp ListaGrupos.cpp ListaJugadores.cpp ListaJugadorxEquipo.cpp ListaPartidoXEquipo.cpp ListaPartidos.cpp NodoEquipo.cpp NodoEquipoXGrupo.cpp NodoGrupos.cpp NodoJugadorxEquipo.cpp NodoPartido.cpp NodoPartidoxEquipo.cpp ProyectoEstDatosI.cpp
         ProyectoEstDatosI.cpp
     1>c:\users\daniel\documents\github\proyecto-est-datos-i\proyectoestdatosi\proyectoestdatosi\nodoequipoxgrupo.h(11): error C2143: syntax error : missing ';' before '*'
     1>c:\users\daniel\documents\github\proyecto-est-datos-i\proyectoestdatosi\proyectoestdatosi\nodoequipoxgrupo.h(11): error C4430: missing type specifier - int assumed. Note: C++ does not support default-int
     1>c:\users\daniel\documents\github\proyecto-est-datos-i\proyectoestdatosi\proyectoestdatosi\nodoequipoxgrupo.h(17): error C2061: syntax error : identifier 'NodoGrupos'
     1>c:\users\daniel\documents\github\proyecto-est-datos-i\proyectoestdatosi\proyectoestdatosi\nodoequipoxgrupo.h(28): error C2143: syntax error : missing ';' before '*'
     1>c:\users\daniel\documents\github\proyecto-est-datos-i\proyectoestdatosi\proyectoestdatosi\nodoequipoxgrupo.h(28): error C4430: missing type specifier - int assumed. Note: C++ does not support default-int
     1>c:\users\daniel\documents\github\proyecto-est-datos-i\proyectoestdatosi\proyectoestdatosi\nodoequipoxgrupo.h(28): warning C4183: 'GetGrupo': missing return type; assumed to be a member function returning 'int'
     1>c:\users\daniel\documents\github\proyecto-est-datos-i\proyectoestdatosi\proyectoestdatosi\nodoequipoxgrupo.h(29): error C2061: syntax error : identifier 'NodoGrupos'
     1>c:\users\daniel\documents\github\proyecto-est-datos-i\proyectoestdatosi\proyectoestdatosi\listaequipos.h(21): error C2535: 'NodoEquipo *ListaEquipos::DirNodo(int)' : member function already defined or declared
                 c:\users\daniel\documents\github\proyecto-est-datos-i\proyectoestdatosi\proyectoestdatosi\listaequipos.h(14) : see declaration of 'ListaEquipos::DirNodo'
     1>c:\users\daniel\documents\github\proyecto-est-datos-i\proyectoestdatosi\proyectoestdatosi\listaequipoxgrupo.h(22): error C2061: syntax error : identifier 'ListaGrupos'
     1>c:\users\daniel\documents\github\proyecto-est-datos-i\proyectoestdatosi\proyectoestdatosi\proyectoestdatosi.cpp(114): error C2039: 'MostarLista' : is not a member of 'ListaGrupos'
                 c:\users\daniel\documents\github\proyecto-est-datos-i\proyectoestdatosi\proyectoestdatosi\listagrupos.h(5) : see declaration of 'ListaGrupos'
     1>c:\users\daniel\documents\github\proyecto-est-datos-i\proyectoestdatosi\proyectoestdatosi\proyectoestdatosi.cpp(191): error C2660: 'ListaEquipos::Eliminar' : function does not take 0 arguments
         NodoPartidoxEquipo.cpp
     1>c:\users\daniel\documents\github\proyecto-est-datos-i\proyectoestdatosi\proyectoestdatosi\listaequipos.h(21): error C2535: 'NodoEquipo *ListaEquipos::DirNodo(int)' : member function already defined or declared
                 c:\users\daniel\documents\github\proyecto-est-datos-i\proyectoestdatosi\proyectoestdatosi\listaequipos.h(14) : see declaration of 'ListaEquipos::DirNodo'
         NodoPartido.cpp
         NodoJugadorxEquipo.cpp
         NodoGrupos.cpp
     1>c:\users\daniel\documents\github\proyecto-est-datos-i\proyectoestdatosi\proyectoestdatosi\nodoequipoxgrupo.h(11): error C2143: syntax error : missing ';' before '*'
     1>c:\users\daniel\documents\github\proyecto-est-datos-i\proyectoestdatosi\proyectoestdatosi\nodoequipoxgrupo.h(11): error C4430: missing type specifier - int assumed. Note: C++ does not support default-int
     1>c:\users\daniel\documents\github\proyecto-est-datos-i\proyectoestdatosi\proyectoestdatosi\nodoequipoxgrupo.h(17): error C2061: syntax error : identifier 'NodoGrupos'
     1>c:\users\daniel\documents\github\proyecto-est-datos-i\proyectoestdatosi\proyectoestdatosi\nodoequipoxgrupo.h(28): error C2143: syntax error : missing ';' before '*'
     1>c:\users\daniel\documents\github\proyecto-est-datos-i\proyectoestdatosi\proyectoestdatosi\nodoequipoxgrupo.h(28): error C4430: missing type specifier - int assumed. Note: C++ does not support default-int
     1>c:\users\daniel\documents\github\proyecto-est-datos-i\proyectoestdatosi\proyectoestdatosi\nodoequipoxgrupo.h(28): warning C4183: 'GetGrupo': missing return type; assumed to be a member function returning 'int'
     1>c:\users\daniel\documents\github\proyecto-est-datos-i\proyectoestdatosi\proyectoestdatosi\nodoequipoxgrupo.h(29): error C2061: syntax error : identifier 'NodoGrupos'
     1>c:\users\daniel\documents\github\proyecto-est-datos-i\proyectoestdatosi\proyectoestdatosi\listaequipos.h(21): error C2535: 'NodoEquipo *ListaEquipos::DirNodo(int)' : member function already defined or declared
                 c:\users\daniel\documents\github\proyecto-est-datos-i\proyectoestdatosi\proyectoestdatosi\listaequipos.h(14) : see declaration of 'ListaEquipos::DirNodo'
     1>c:\users\daniel\documents\github\proyecto-est-datos-i\proyectoestdatosi\proyectoestdatosi\listagrupos.h(7): error C2143: syntax error : missing ';' before '*'
     1>c:\users\daniel\documents\github\proyecto-est-datos-i\proyectoestdatosi\proyectoestdatosi\listagrupos.h(7): error C4430: missing type specifier - int assumed. Note: C++ does not support default-int
     1>c:\users\daniel\documents\github\proyecto-est-datos-i\proyectoestdatosi\proyectoestdatosi\listagrupos.h(9): error C2143: syntax error : missing ';' before '*'
     1>c:\users\daniel\documents\github\proyecto-est-datos-i\proyectoestdatosi\proyectoestdatosi\listagrupos.h(9): error C4430: missing type specifier - int assumed. Note: C++ does not support default-int
     1>c:\users\daniel\documents\github\proyecto-est-datos-i\proyectoestdatosi\proyectoestdatosi\listagrupos.h(9): warning C4183: 'DirNodo': missing return type; assumed to be a member function returning 'int'
     1>c:\users\daniel\documents\github\proyecto-est-datos-i\proyectoestdatosi\proyectoestdatosi\listagrupos.h(14): error C2143: syntax error : missing ';' before '*'
     1>c:\users\daniel\documents\github\proyecto-est-datos-i\proyectoestdatosi\proyectoestdatosi\listagrupos.h(14): error C4430: missing type specifier - int assumed. Note: C++ does not support default-int
     1>c:\users\daniel\documents\github\proyecto-est-datos-i\proyectoestdatosi\proyectoestdatosi\listagrupos.h(14): warning C4183: 'GetCabeza': missing return type; assumed to be a member function returning 'int'
     1>c:\users\daniel\documents\github\proyecto-est-datos-i\proyectoestdatosi\proyectoestdatosi\listagrupos.h(15): error C2061: syntax error : identifier 'NodoGrupos'
     1>c:\users\daniel\documents\github\proyecto-est-datos-i\proyectoestdatosi\proyectoestdatosi\listagrupos.h(20): error C2143: syntax error : missing ';' before '*'
     1>c:\users\daniel\documents\github\proyecto-est-datos-i\proyectoestdatosi\proyectoestdatosi\listagrupos.h(20): error C4430: missing type specifier - int assumed. Note: C++ does not support default-int
     1>c:\users\daniel\documents\github\proyecto-est-datos-i\proyectoestdatosi\proyectoestdatosi\listagrupos.h(20): warning C4183: 'DirNodo': missing return type; assumed to be a member function returning 'int'
         NodoEquipoXGrupo.cpp
     1>c:\users\daniel\documents\github\proyecto-est-datos-i\proyectoestdatosi\proyectoestdatosi\listaequipos.h(21): error C2535: 'NodoEquipo *ListaEquipos::DirNodo(int)' : member function already defined or declared
                 c:\users\daniel\documents\github\proyecto-est-datos-i\proyectoestdatosi\proyectoestdatosi\listaequipos.h(14) : see declaration of 'ListaEquipos::DirNodo'
     1>c:\users\daniel\documents\github\proyecto-est-datos-i\proyectoestdatosi\proyectoestdatosi\listagrupos.h(7): error C2143: syntax error : missing ';' before '*'
     1>c:\users\daniel\documents\github\proyecto-est-datos-i\proyectoestdatosi\proyectoestdatosi\listagrupos.h(7): error C4430: missing type specifier - int assumed. Note: C++ does not support default-int
     1>c:\users\daniel\documents\github\proyecto-est-datos-i\proyectoestdatosi\proyectoestdatosi\listagrupos.h(9): error C2143: syntax error : missing ';' before '*'
     1>c:\users\daniel\documents\github\proyecto-est-datos-i\proyectoestdatosi\proyectoestdatosi\listagrupos.h(9): error C4430: missing type specifier - int assumed. Note: C++ does not support default-int
     1>c:\users\daniel\documents\github\proyecto-est-datos-i\proyectoestdatosi\proyectoestdatosi\listagrupos.h(9): warning C4183: 'DirNodo': missing return type; assumed to be a member function returning 'int'
     1>c:\users\daniel\documents\github\proyecto-est-datos-i\proyectoestdatosi\proyectoestdatosi\listagrupos.h(14): error C2143: syntax error : missing ';' before '*'
     1>c:\users\daniel\documents\github\proyecto-est-datos-i\proyectoestdatosi\proyectoestdatosi\listagrupos.h(14): error C4430: missing type specifier - int assumed. Note: C++ does not support default-int
     1>c:\users\daniel\documents\github\proyecto-est-datos-i\proyectoestdatosi\proyectoestdatosi\listagrupos.h(14): warning C4183: 'GetCabeza': missing return type; assumed to be a member function returning 'int'
     1>c:\users\daniel\documents\github\proyecto-est-datos-i\proyectoestdatosi\proyectoestdatosi\listagrupos.h(15): error C2061: syntax error : identifier 'NodoGrupos'
     1>c:\users\daniel\documents\github\proyecto-est-datos-i\proyectoestdatosi\proyectoestdatosi\listagrupos.h(20): error C2143: syntax error : missing ';' before '*'
     1>c:\users\daniel\documents\github\proyecto-est-datos-i\proyectoestdatosi\proyectoestdatosi\listagrupos.h(20): error C4430: missing type specifier - int assumed. Note: C++ does not support default-int
     1>c:\users\daniel\documents\github\proyecto-est-datos-i\proyectoestdatosi\proyectoestdatosi\listagrupos.h(20): warning C4183: 'DirNodo': missing return type; assumed to be a member function returning 'int'
     1>c:\users\daniel\documents\github\proyecto-est-datos-i\proyectoestdatosi\proyectoestdatosi\listaequipoxgrupo.h(9): error C2143: syntax error : missing ';' before '*'
     1>c:\users\daniel\documents\github\proyecto-est-datos-i\proyectoestdatosi\proyectoestdatosi\listaequipoxgrupo.h(9): error C4430: missing type specifier - int assumed. Note: C++ does not support default-int
     1>c:\users\daniel\documents\github\proyecto-est-datos-i\proyectoestdatosi\proyectoestdatosi\listaequipoxgrupo.h(11): error C2143: syntax error : missing ';' before '*'
     1>c:\users\daniel\documents\github\proyecto-est-datos-i\proyectoestdatosi\proyectoestdatosi\listaequipoxgrupo.h(11): error C4430: missing type specifier - int assumed. Note: C++ does not support default-int
     1>c:\users\daniel\documents\github\proyecto-est-datos-i\proyectoestdatosi\proyectoestdatosi\listaequipoxgrupo.h(11): warning C4183: 'DirNodo': missing return type; assumed to be a member function returning 'int'
     1>c:\users\daniel\documents\github\proyecto-est-datos-i\proyectoestdatosi\proyectoestdatosi\listaequipoxgrupo.h(16): error C2143: syntax error : missing ';' before '*'
     1>c:\users\daniel\documents\github\proyecto-est-datos-i\proyectoestdatosi\proyectoestdatosi\listaequipoxgrupo.h(16): error C4430: missing type specifier - int assumed. Note: C++ does not support default-int
     1>c:\users\daniel\documents\github\proyecto-est-datos-i\proyectoestdatosi\proyectoestdatosi\listaequipoxgrupo.h(16): warning C4183: 'GetCabeza': missing return type; assumed to be a member function returning 'int'
     1>c:\users\daniel\documents\github\proyecto-est-datos-i\proyectoestdatosi\proyectoestdatosi\listaequipoxgrupo.h(17): error C2061: syntax error : identifier 'NodoEquipoXGrupo'
         NodoEquipo.cpp
         ListaPartidos.cpp
         ListaPartidoXEquipo.cpp
     1>c:\users\daniel\documents\github\proyecto-est-datos-i\proyectoestdatosi\proyectoestdatosi\listaequipos.h(21): error C2535: 'NodoEquipo *ListaEquipos::DirNodo(int)' : member function already defined or declared
                 c:\users\daniel\documents\github\proyecto-est-datos-i\proyectoestdatosi\proyectoestdatosi\listaequipos.h(14) : see declaration of 'ListaEquipos::DirNodo'
     1>c:\users\daniel\documents\github\proyecto-est-datos-i\proyectoestdatosi\proyectoestdatosi\listapartidoxequipo.cpp(36): error C2039: 'GetSguiente' : is not a member of 'NodoPartidoxEquipo'
                 c:\users\daniel\documents\github\proyecto-est-datos-i\proyectoestdatosi\proyectoestdatosi\nodopartidoxequipo.h(8) : see declaration of 'NodoPartidoxEquipo'
         ListaJugadorxEquipo.cpp
     1>c:\users\daniel\documents\github\proyecto-est-datos-i\proyectoestdatosi\proyectoestdatosi\listaequipos.h(21): error C2535: 'NodoEquipo *ListaEquipos::DirNodo(int)' : member function already defined or declared
                 c:\users\daniel\documents\github\proyecto-est-datos-i\proyectoestdatosi\proyectoestdatosi\listaequipos.h(14) : see declaration of 'ListaEquipos::DirNodo'
         ListaJugadores.cpp
     1>c:\users\daniel\documents\github\proyecto-est-datos-i\proyectoestdatosi\proyectoestdatosi\listajugadores.cpp(97): error C3867: 'Jugador::GetAltura': function call missing argument list; use '&Jugador::GetAltura' to create a pointer to member
     1>c:\users\daniel\documents\github\proyecto-est-datos-i\proyectoestdatosi\proyectoestdatosi\listajugadores.cpp(98): error C3867: 'Jugador::GetId': function call missing argument list; use '&Jugador::GetId' to create a pointer to member
         ListaGrupos.cpp
     1>c:\users\daniel\documents\github\proyecto-est-datos-i\proyectoestdatosi\proyectoestdatosi\nodoequipoxgrupo.h(11): error C2143: syntax error : missing ';' before '*'
     1>c:\users\daniel\documents\github\proyecto-est-datos-i\proyectoestdatosi\proyectoestdatosi\nodoequipoxgrupo.h(11): error C4430: missing type specifier - int assumed. Note: C++ does not support default-int
     1>c:\users\daniel\documents\github\proyecto-est-datos-i\proyectoestdatosi\proyectoestdatosi\nodoequipoxgrupo.h(17): error C2061: syntax error : identifier 'NodoGrupos'
     1>c:\users\daniel\documents\github\proyecto-est-datos-i\proyectoestdatosi\proyectoestdatosi\nodoequipoxgrupo.h(28): error C2143: syntax error : missing ';' before '*'
     1>c:\users\daniel\documents\github\proyecto-est-datos-i\proyectoestdatosi\proyectoestdatosi\nodoequipoxgrupo.h(28): error C4430: missing type specifier - int assumed. Note: C++ does not support default-int
     1>c:\users\daniel\documents\github\proyecto-est-datos-i\proyectoestdatosi\proyectoestdatosi\nodoequipoxgrupo.h(28): warning C4183: 'GetGrupo': missing return type; assumed to be a member function returning 'int'
     1>c:\users\daniel\documents\github\proyecto-est-datos-i\proyectoestdatosi\proyectoestdatosi\nodoequipoxgrupo.h(29): error C2061: syntax error : identifier 'NodoGrupos'
     1>c:\users\daniel\documents\github\proyecto-est-datos-i\proyectoestdatosi\proyectoestdatosi\listaequipos.h(21): error C2535: 'NodoEquipo *ListaEquipos::DirNodo(int)' : member function already defined or declared
                 c:\users\daniel\documents\github\proyecto-est-datos-i\proyectoestdatosi\proyectoestdatosi\listaequipos.h(14) : see declaration of 'ListaEquipos::DirNodo'
     1>c:\users\daniel\documents\github\proyecto-est-datos-i\proyectoestdatosi\proyectoestdatosi\listaequipoxgrupo.h(22): error C2061: syntax error : identifier 'ListaGrupos'
     1>c:\users\daniel\documents\github\proyecto-est-datos-i\proyectoestdatosi\proyectoestdatosi\listagrupos.cpp(91): error C2819: type 'std::basic_string<_Elem,_Traits,_Alloc>' does not have an overloaded member 'operator ->'
                 with
                 [
                     _Elem=char,
                     _Traits=std::char_traits<char>,
                     _Alloc=std::allocator<char>
                 ]
                 did you intend to use '.' instead?
     1>c:\users\daniel\documents\github\proyecto-est-datos-i\proyectoestdatosi\proyectoestdatosi\listagrupos.cpp(91): error C2039: 'GetNombre' : is not a member of 'std::basic_string<_Elem,_Traits,_Alloc>'
                 with
                 [
                     _Elem=char,
                     _Traits=std::char_traits<char>,
                     _Alloc=std::allocator<char>
                 ]
         ListaEquipos.cpp
     1>c:\users\daniel\documents\github\proyecto-est-datos-i\proyectoestdatosi\proyectoestdatosi\listaequipos.h(21): error C2535: 'NodoEquipo *ListaEquipos::DirNodo(int)' : member function already defined or declared
                 c:\users\daniel\documents\github\proyecto-est-datos-i\proyectoestdatosi\proyectoestdatosi\listaequipos.h(14) : see declaration of 'ListaEquipos::DirNodo'
         ListaEquipoXGrupo.cpp
     1>c:\users\daniel\documents\github\proyecto-est-datos-i\proyectoestdatosi\proyectoestdatosi\listaequipos.h(21): error C2535: 'NodoEquipo *ListaEquipos::DirNodo(int)' : member function already defined or declared
                 c:\users\daniel\documents\github\proyecto-est-datos-i\proyectoestdatosi\proyectoestdatosi\listaequipos.h(14) : see declaration of 'ListaEquipos::DirNodo'
     1>c:\users\daniel\documents\github\proyecto-est-datos-i\proyectoestdatosi\proyectoestdatosi\listaequipoxgrupo.cpp(101): error C3867: 'ListaEquipoXGrupo::GetCabeza': function call missing argument list; use '&ListaEquipoXGrupo::GetCabeza' to create a pointer to member
         CargaInicial.cpp
     1>c:\users\daniel\documents\github\proyecto-est-datos-i\proyectoestdatosi\proyectoestdatosi\nodoequipoxgrupo.h(11): error C2143: syntax error : missing ';' before '*'
     1>c:\users\daniel\documents\github\proyecto-est-datos-i\proyectoestdatosi\proyectoestdatosi\nodoequipoxgrupo.h(11): error C4430: missing type specifier - int assumed. Note: C++ does not support default-int
     1>c:\users\daniel\documents\github\proyecto-est-datos-i\proyectoestdatosi\proyectoestdatosi\nodoequipoxgrupo.h(17): error C2061: syntax error : identifier 'NodoGrupos'
     1>c:\users\daniel\documents\github\proyecto-est-datos-i\proyectoestdatosi\proyectoestdatosi\nodoequipoxgrupo.h(28): error C2143: syntax error : missing ';' before '*'
     1>c:\users\daniel\documents\github\proyecto-est-datos-i\proyectoestdatosi\proyectoestdatosi\nodoequipoxgrupo.h(28): error C4430: missing type specifier - int assumed. Note: C++ does not support default-int
     1>c:\users\daniel\documents\github\proyecto-est-datos-i\proyectoestdatosi\proyectoestdatosi\nodoequipoxgrupo.h(28): warning C4183: 'GetGrupo': missing return type; assumed to be a member function returning 'int'
     1>c:\users\daniel\documents\github\proyecto-est-datos-i\proyectoestdatosi\proyectoestdatosi\nodoequipoxgrupo.h(29): error C2061: syntax error : identifier 'NodoGrupos'
     1>c:\users\daniel\documents\github\proyecto-est-datos-i\proyectoestdatosi\proyectoestdatosi\listaequipos.h(21): error C2535: 'NodoEquipo *ListaEquipos::DirNodo(int)' : member function already defined or declared
                 c:\users\daniel\documents\github\proyecto-est-datos-i\proyectoestdatosi\proyectoestdatosi\listaequipos.h(14) : see declaration of 'ListaEquipos::DirNodo'
     1>c:\users\daniel\documents\github\proyecto-est-datos-i\proyectoestdatosi\proyectoestdatosi\listaequipoxgrupo.h(22): error C2061: syntax error : identifier 'ListaGrupos'
     1>c:\users\daniel\documents\github\proyecto-est-datos-i\proyectoestdatosi\proyectoestdatosi\cargainicial.cpp(49): error C2660: 'ListaEquipoXGrupo::Agregar' : function does not take 4 arguments
         Generating Code...
     1>Done Building Project "C:\Users\Daniel\Documents\GitHub\Proyecto-Est-Datos-I\ProyectoEstDatosI\ProyectoEstDatosI\ProyectoEstDatosI.vcxproj" (Build target(s)) -- FAILED.

Build FAILED.

Time Elapsed 00:00:12.50
