  stdafx.cpp
  Proyecto-Est-Datos-I.cpp
c:\users\kenneth\documents\github\proyecto-est-datos-i\proyecto-est-datos-i\proyecto-est-datos-i\proyecto-est-datos-i.cpp(32): error C2360: la inicialización de 'equipo' se omite en la etiqueta 'case'
          c:\users\kenneth\documents\github\proyecto-est-datos-i\proyecto-est-datos-i\proyecto-est-datos-i\proyecto-est-datos-i.cpp(29) : vea la declaración de 'equipo'
c:\users\kenneth\documents\github\proyecto-est-datos-i\proyecto-est-datos-i\proyecto-est-datos-i\proyecto-est-datos-i.cpp(39): error C2361: la inicialización de 'aux' se omite en la etiqueta 'default'
          c:\users\kenneth\documents\github\proyecto-est-datos-i\proyecto-est-datos-i\proyecto-est-datos-i\proyecto-est-datos-i.cpp(33) : vea la declaración de 'aux'
c:\users\kenneth\documents\github\proyecto-est-datos-i\proyecto-est-datos-i\proyecto-est-datos-i\proyecto-est-datos-i.cpp(39): error C2361: la inicialización de 'equipo' se omite en la etiqueta 'default'
          c:\users\kenneth\documents\github\proyecto-est-datos-i\proyecto-est-datos-i\proyecto-est-datos-i\proyecto-est-datos-i.cpp(29) : vea la declaración de 'equipo'
  Partido.cpp
  Pais.cpp
  NodoPartidoxEquipo.cpp
  NodoPartido.cpp
  NodoPais.cpp
  NodoJugadorxEquipo.cpp
  NodoJugador.cpp
  NodoGrupos.cpp
  NodoEquipoxPartido.cpp
  NodoEquipo.cpp
  ListaPartidoxEquipo.cpp
  ListaPartidos.cpp
  ListaPais.cpp
  ListaJugadorxEquipo.cpp
  ListaJugadores.cpp
  ListaGrupos.cpp
  ListaEquipoxPartido.cpp
  ListaEquipos.cpp
  Generando código...
c:\users\kenneth\documents\github\proyecto-est-datos-i\proyecto-est-datos-i\proyecto-est-datos-i\listaequipoxpartido.cpp(20): error C4716: 'ListaEquipoxPartido::eliminar' : debe devolver un valor
c:\users\kenneth\documents\github\proyecto-est-datos-i\proyecto-est-datos-i\proyecto-est-datos-i\listaequipoxpartido.cpp(13): error C4716: 'ListaEquipoxPartido::getCabeza' : debe devolver un valor
c:\users\kenneth\documents\github\proyecto-est-datos-i\proyecto-est-datos-i\proyecto-est-datos-i\listaequipoxpartido.cpp(16): error C4716: 'ListaEquipoxPartido::getTamaño' : debe devolver un valor
c:\users\kenneth\documents\github\proyecto-est-datos-i\proyecto-est-datos-i\proyecto-est-datos-i\listaequipoxpartido.cpp(19): error C4716: 'ListaEquipoxPartido::agregar' : debe devolver un valor
c:\users\kenneth\documents\github\proyecto-est-datos-i\proyecto-est-datos-i\proyecto-est-datos-i\listagrupos.cpp(33): error C4716: 'ListaGrupos::Eliminar' : debe devolver un valor
c:\users\kenneth\documents\github\proyecto-est-datos-i\proyecto-est-datos-i\proyecto-est-datos-i\listagrupos.cpp(37): error C4716: 'ListaGrupos::MostarLista' : debe devolver un valor
c:\users\kenneth\documents\github\proyecto-est-datos-i\proyecto-est-datos-i\proyecto-est-datos-i\listagrupos.cpp(29): error C4716: 'ListaGrupos::Agregar' : debe devolver un valor
c:\users\kenneth\documents\github\proyecto-est-datos-i\proyecto-est-datos-i\proyecto-est-datos-i\listagrupos.cpp(41): error C4716: 'ListaGrupos::MostrarGrupo' : debe devolver un valor
c:\users\kenneth\documents\github\proyecto-est-datos-i\proyecto-est-datos-i\proyecto-est-datos-i\listajugadores.cpp(32): error C4716: 'ListaJugadores::Eliminar' : debe devolver un valor
c:\users\kenneth\documents\github\proyecto-est-datos-i\proyecto-est-datos-i\proyecto-est-datos-i\listajugadores.cpp(30): error C4716: 'ListaJugadores::Agregar' : debe devolver un valor
c:\users\kenneth\documents\github\proyecto-est-datos-i\proyecto-est-datos-i\proyecto-est-datos-i\listajugadorxequipo.cpp(13): error C4716: 'ListaJugadorxEquipo::getCabeza' : debe devolver un valor
c:\users\kenneth\documents\github\proyecto-est-datos-i\proyecto-est-datos-i\proyecto-est-datos-i\listajugadorxequipo.cpp(16): error C4716: 'ListaJugadorxEquipo::getTamaño' : debe devolver un valor
c:\users\kenneth\documents\github\proyecto-est-datos-i\proyecto-est-datos-i\proyecto-est-datos-i\listajugadorxequipo.cpp(19): error C4716: 'ListaJugadorxEquipo::agregar' : debe devolver un valor
c:\users\kenneth\documents\github\proyecto-est-datos-i\proyecto-est-datos-i\proyecto-est-datos-i\listajugadorxequipo.cpp(20): error C4716: 'ListaJugadorxEquipo::eliminar' : debe devolver un valor
c:\users\kenneth\documents\github\proyecto-est-datos-i\proyecto-est-datos-i\proyecto-est-datos-i\listapais.cpp(12): error C4716: 'ListaPais::GetCab' : debe devolver un valor
c:\users\kenneth\documents\github\proyecto-est-datos-i\proyecto-est-datos-i\proyecto-est-datos-i\listapais.cpp(18): error C4716: 'ListaPais::Eliminar' : debe devolver un valor
c:\users\kenneth\documents\github\proyecto-est-datos-i\proyecto-est-datos-i\proyecto-est-datos-i\listapais.cpp(17): error C4716: 'ListaPais::Agregar' : debe devolver un valor
c:\users\kenneth\documents\github\proyecto-est-datos-i\proyecto-est-datos-i\proyecto-est-datos-i\listapais.cpp(19): error C4716: 'ListaPais::MostarLista' : debe devolver un valor
c:\users\kenneth\documents\github\proyecto-est-datos-i\proyecto-est-datos-i\proyecto-est-datos-i\listapais.cpp(20): error C4716: 'ListaPais::MostarPais' : debe devolver un valor
c:\users\kenneth\documents\github\proyecto-est-datos-i\proyecto-est-datos-i\proyecto-est-datos-i\listapais.cpp(15): error C4716: 'ListaPais::GetTama' : debe devolver un valor
c:\users\kenneth\documents\github\proyecto-est-datos-i\proyecto-est-datos-i\proyecto-est-datos-i\listapartidos.cpp(30): error C4716: 'ListaPartidos::Agregar' : debe devolver un valor
c:\users\kenneth\documents\github\proyecto-est-datos-i\proyecto-est-datos-i\proyecto-est-datos-i\listapartidos.cpp(32): error C4716: 'ListaPartidos::Eliminar' : debe devolver un valor
c:\users\kenneth\documents\github\proyecto-est-datos-i\proyecto-est-datos-i\proyecto-est-datos-i\listapartidoxequipo.cpp(13): error C4716: 'ListaPartidoxEquipo::getCabeza' : debe devolver un valor
c:\users\kenneth\documents\github\proyecto-est-datos-i\proyecto-est-datos-i\proyecto-est-datos-i\listapartidoxequipo.cpp(16): error C4716: 'ListaPartidoxEquipo::getTamaño' : debe devolver un valor
c:\users\kenneth\documents\github\proyecto-est-datos-i\proyecto-est-datos-i\proyecto-est-datos-i\listapartidoxequipo.cpp(20): error C4716: 'ListaPartidoxEquipo::agregar' : debe devolver un valor
c:\users\kenneth\documents\github\proyecto-est-datos-i\proyecto-est-datos-i\proyecto-est-datos-i\listapartidoxequipo.cpp(21): error C4716: 'ListaPartidoxEquipo::eliminar' : debe devolver un valor
c:\users\kenneth\documents\github\proyecto-est-datos-i\proyecto-est-datos-i\proyecto-est-datos-i\nodoequipoxpartido.cpp(15): error C4716: 'NodoEquipoxPartido::getEquipo' : debe devolver un valor
c:\users\kenneth\documents\github\proyecto-est-datos-i\proyecto-est-datos-i\proyecto-est-datos-i\nodoequipoxpartido.cpp(18): error C4716: 'NodoEquipoxPartido::getPais' : debe devolver un valor
c:\users\kenneth\documents\github\proyecto-est-datos-i\proyecto-est-datos-i\proyecto-est-datos-i\nodoequipoxpartido.cpp(21): error C4716: 'NodoEquipoxPartido::getAnterior' : debe devolver un valor
c:\users\kenneth\documents\github\proyecto-est-datos-i\proyecto-est-datos-i\proyecto-est-datos-i\nodoequipoxpartido.cpp(24): error C4716: 'NodoEquipoxPartido::getSiguiente' : debe devolver un valor
c:\users\kenneth\documents\github\proyecto-est-datos-i\proyecto-est-datos-i\proyecto-est-datos-i\nodojugadorxequipo.cpp(15): error C4716: 'NodoJugadorxEquipo::getEquipo' : debe devolver un valor
c:\users\kenneth\documents\github\proyecto-est-datos-i\proyecto-est-datos-i\proyecto-est-datos-i\nodojugadorxequipo.cpp(18): error C4716: 'NodoJugadorxEquipo::getJugador' : debe devolver un valor
c:\users\kenneth\documents\github\proyecto-est-datos-i\proyecto-est-datos-i\proyecto-est-datos-i\nodojugadorxequipo.cpp(21): error C4716: 'NodoJugadorxEquipo::getSiguiente' : debe devolver un valor
c:\users\kenneth\documents\github\proyecto-est-datos-i\proyecto-est-datos-i\proyecto-est-datos-i\nodojugadorxequipo.cpp(24): error C4716: 'NodoJugadorxEquipo::getAnterior' : debe devolver un valor
c:\users\kenneth\documents\github\proyecto-est-datos-i\proyecto-est-datos-i\proyecto-est-datos-i\nodojugadorxequipo.cpp(25): error C4716: 'NodoJugadorxEquipo::seAnterior' : debe devolver un valor
c:\users\kenneth\documents\github\proyecto-est-datos-i\proyecto-est-datos-i\proyecto-est-datos-i\nodopartidoxequipo.cpp(20): error C4716: 'NodoPartidoxEquipo::getEquipo2' : debe devolver un valor
c:\users\kenneth\documents\github\proyecto-est-datos-i\proyecto-est-datos-i\proyecto-est-datos-i\nodopartidoxequipo.cpp(23): error C4716: 'NodoPartidoxEquipo::getPartido' : debe devolver un valor
c:\users\kenneth\documents\github\proyecto-est-datos-i\proyecto-est-datos-i\proyecto-est-datos-i\nodopartidoxequipo.cpp(26): error C4716: 'NodoPartidoxEquipo::getSguiente' : debe devolver un valor
c:\users\kenneth\documents\github\proyecto-est-datos-i\proyecto-est-datos-i\proyecto-est-datos-i\nodopartidoxequipo.cpp(29): error C4716: 'NodoPartidoxEquipo::getAnterior' : debe devolver un valor
c:\users\kenneth\documents\github\proyecto-est-datos-i\proyecto-est-datos-i\proyecto-est-datos-i\nodopartidoxequipo.cpp(17): error C4716: 'NodoPartidoxEquipo::getEquipo1' : debe devolver un valor
  Compilando...
  Jugador.cpp
  Equipo.cpp
  Generando código...
